DEB [20171228-12:31:35.764] thr=1   paramiko.transport: starting thread (client mode): 0x425fc18
DEB [20171228-12:31:35.764] thr=1   paramiko.transport: Local version/idstring: SSH-2.0-paramiko_2.4.0
DEB [20171228-12:31:35.786] thr=1   paramiko.transport: Remote version/idstring: SSH-2.0-OpenSSH_6.6.1
INF [20171228-12:31:35.786] thr=1   paramiko.transport: Connected (version 2.0, client OpenSSH_6.6.1)
DEB [20171228-12:31:35.792] thr=1   paramiko.transport: kex algos:['curve25519-sha256@libssh.org', 'ecdh-sha2-nistp256', 'ecdh-sha2-nistp384', 'ecdh-sha2-nistp521', 'diffie-hellman-group-exchange-sha256', 'diffie-hellman-group-exchange-sha1', 'diffie-hellman-group14-sha1', 'diffie-hellman-group1-sha1'] server key:['ssh-rsa', 'ecdsa-sha2-nistp256', 'ssh-ed25519'] client encrypt:['aes128-ctr', 'aes192-ctr', 'aes256-ctr', 'arcfour256', 'arcfour128', 'aes128-gcm@openssh.com', 'aes256-gcm@openssh.com', 'chacha20-poly1305@openssh.com', 'aes128-cbc', '3des-cbc', 'blowfish-cbc', 'cast128-cbc', 'aes192-cbc', 'aes256-cbc', 'arcfour', 'rijndael-cbc@lysator.liu.se'] server encrypt:['aes128-ctr', 'aes192-ctr', 'aes256-ctr', 'arcfour256', 'arcfour128', 'aes128-gcm@openssh.com', 'aes256-gcm@openssh.com', 'chacha20-poly1305@openssh.com', 'aes128-cbc', '3des-cbc', 'blowfish-cbc', 'cast128-cbc', 'aes192-cbc', 'aes256-cbc', 'arcfour', 'rijndael-cbc@lysator.liu.se'] client mac:['hmac-md5-etm@openssh.com', 'hmac-sha1-etm@openssh.com', 'umac-64-etm@openssh.com', 'umac-128-etm@openssh.com', 'hmac-sha2-256-etm@openssh.com', 'hmac-sha2-512-etm@openssh.com', 'hmac-ripemd160-etm@openssh.com', 'hmac-sha1-96-etm@openssh.com', 'hmac-md5-96-etm@openssh.com', 'hmac-md5', 'hmac-sha1', 'umac-64@openssh.com', 'umac-128@openssh.com', 'hmac-sha2-256', 'hmac-sha2-512', 'hmac-ripemd160', 'hmac-ripemd160@openssh.com', 'hmac-sha1-96', 'hmac-md5-96'] server mac:['hmac-md5-etm@openssh.com', 'hmac-sha1-etm@openssh.com', 'umac-64-etm@openssh.com', 'umac-128-etm@openssh.com', 'hmac-sha2-256-etm@openssh.com', 'hmac-sha2-512-etm@openssh.com', 'hmac-ripemd160-etm@openssh.com', 'hmac-sha1-96-etm@openssh.com', 'hmac-md5-96-etm@openssh.com', 'hmac-md5', 'hmac-sha1', 'umac-64@openssh.com', 'umac-128@openssh.com', 'hmac-sha2-256', 'hmac-sha2-512', 'hmac-ripemd160', 'hmac-ripemd160@openssh.com', 'hmac-sha1-96', 'hmac-md5-96'] client compress:['none', 'zlib@openssh.com'] server compress:['none', 'zlib@openssh.com'] client lang:[''] server lang:[''] kex follows?False
DEB [20171228-12:31:35.792] thr=1   paramiko.transport: Kex agreed: ecdh-sha2-nistp256
DEB [20171228-12:31:35.792] thr=1   paramiko.transport: HostKey agreed: ssh-ed25519
DEB [20171228-12:31:35.792] thr=1   paramiko.transport: Cipher agreed: aes128-ctr
DEB [20171228-12:31:35.792] thr=1   paramiko.transport: MAC agreed: hmac-sha2-256
DEB [20171228-12:31:35.792] thr=1   paramiko.transport: Compression agreed: none
DEB [20171228-12:31:35.856] thr=1   paramiko.transport: kex engine KexNistp256 specified hash_algo <built-in function openssl_sha256>
DEB [20171228-12:31:35.862] thr=1   paramiko.transport: Switch to new keys ...
DEB [20171228-12:31:35.863] thr=2   paramiko.transport: Adding ssh-ed25519 host key for 192.168.9.51: b'cba8812655b5b18cef9c833db8f89771'
DEB [20171228-12:31:35.871] thr=2   paramiko.transport: Trying discovered key b'908925d46c3cfeb8f0eddad8b6867b21' in /Users/wenanguo/.ssh/id_rsa
DEB [20171228-12:31:35.912] thr=1   paramiko.transport: userauth is OK
INF [20171228-12:31:35.932] thr=1   paramiko.transport: Authentication (publickey) failed.
DEB [20171228-12:31:35.938] thr=1   paramiko.transport: userauth is OK
INF [20171228-12:31:35.985] thr=1   paramiko.transport: Authentication (password) successful!
DEB [20171228-12:31:35.986] thr=2   paramiko.transport: [chan 0] Max packet in: 32768 bytes
DEB [20171228-12:31:35.999] thr=1   paramiko.transport: [chan 0] Max packet out: 32768 bytes
DEB [20171228-12:31:36.000] thr=1   paramiko.transport: Secsh channel 0 opened.
DEB [20171228-12:31:36.006] thr=1   paramiko.transport: [chan 0] Sesch channel 0 request ok
DEB [20171228-12:31:36.102] thr=1   paramiko.transport: [chan 0] EOF received (0)
DEB [20171228-12:38:48.574] thr=1   paramiko.transport: starting thread (client mode): 0x48ca588
DEB [20171228-12:38:48.575] thr=1   paramiko.transport: Local version/idstring: SSH-2.0-paramiko_2.4.0
DEB [20171228-12:38:48.598] thr=1   paramiko.transport: Remote version/idstring: SSH-2.0-OpenSSH_6.6.1
INF [20171228-12:38:48.599] thr=1   paramiko.transport: Connected (version 2.0, client OpenSSH_6.6.1)
DEB [20171228-12:38:48.604] thr=1   paramiko.transport: kex algos:['curve25519-sha256@libssh.org', 'ecdh-sha2-nistp256', 'ecdh-sha2-nistp384', 'ecdh-sha2-nistp521', 'diffie-hellman-group-exchange-sha256', 'diffie-hellman-group-exchange-sha1', 'diffie-hellman-group14-sha1', 'diffie-hellman-group1-sha1'] server key:['ssh-rsa', 'ecdsa-sha2-nistp256', 'ssh-ed25519'] client encrypt:['aes128-ctr', 'aes192-ctr', 'aes256-ctr', 'arcfour256', 'arcfour128', 'aes128-gcm@openssh.com', 'aes256-gcm@openssh.com', 'chacha20-poly1305@openssh.com', 'aes128-cbc', '3des-cbc', 'blowfish-cbc', 'cast128-cbc', 'aes192-cbc', 'aes256-cbc', 'arcfour', 'rijndael-cbc@lysator.liu.se'] server encrypt:['aes128-ctr', 'aes192-ctr', 'aes256-ctr', 'arcfour256', 'arcfour128', 'aes128-gcm@openssh.com', 'aes256-gcm@openssh.com', 'chacha20-poly1305@openssh.com', 'aes128-cbc', '3des-cbc', 'blowfish-cbc', 'cast128-cbc', 'aes192-cbc', 'aes256-cbc', 'arcfour', 'rijndael-cbc@lysator.liu.se'] client mac:['hmac-md5-etm@openssh.com', 'hmac-sha1-etm@openssh.com', 'umac-64-etm@openssh.com', 'umac-128-etm@openssh.com', 'hmac-sha2-256-etm@openssh.com', 'hmac-sha2-512-etm@openssh.com', 'hmac-ripemd160-etm@openssh.com', 'hmac-sha1-96-etm@openssh.com', 'hmac-md5-96-etm@openssh.com', 'hmac-md5', 'hmac-sha1', 'umac-64@openssh.com', 'umac-128@openssh.com', 'hmac-sha2-256', 'hmac-sha2-512', 'hmac-ripemd160', 'hmac-ripemd160@openssh.com', 'hmac-sha1-96', 'hmac-md5-96'] server mac:['hmac-md5-etm@openssh.com', 'hmac-sha1-etm@openssh.com', 'umac-64-etm@openssh.com', 'umac-128-etm@openssh.com', 'hmac-sha2-256-etm@openssh.com', 'hmac-sha2-512-etm@openssh.com', 'hmac-ripemd160-etm@openssh.com', 'hmac-sha1-96-etm@openssh.com', 'hmac-md5-96-etm@openssh.com', 'hmac-md5', 'hmac-sha1', 'umac-64@openssh.com', 'umac-128@openssh.com', 'hmac-sha2-256', 'hmac-sha2-512', 'hmac-ripemd160', 'hmac-ripemd160@openssh.com', 'hmac-sha1-96', 'hmac-md5-96'] client compress:['none', 'zlib@openssh.com'] server compress:['none', 'zlib@openssh.com'] client lang:[''] server lang:[''] kex follows?False
DEB [20171228-12:38:48.605] thr=1   paramiko.transport: Kex agreed: ecdh-sha2-nistp256
DEB [20171228-12:38:48.605] thr=1   paramiko.transport: HostKey agreed: ssh-ed25519
DEB [20171228-12:38:48.605] thr=1   paramiko.transport: Cipher agreed: aes128-ctr
DEB [20171228-12:38:48.605] thr=1   paramiko.transport: MAC agreed: hmac-sha2-256
DEB [20171228-12:38:48.605] thr=1   paramiko.transport: Compression agreed: none
DEB [20171228-12:38:48.674] thr=1   paramiko.transport: kex engine KexNistp256 specified hash_algo <built-in function openssl_sha256>
DEB [20171228-12:38:48.675] thr=1   paramiko.transport: Switch to new keys ...
DEB [20171228-12:38:48.676] thr=2   paramiko.transport: Adding ssh-ed25519 host key for 192.168.9.51: b'cba8812655b5b18cef9c833db8f89771'
DEB [20171228-12:38:48.677] thr=2   paramiko.transport: Trying discovered key b'908925d46c3cfeb8f0eddad8b6867b21' in /Users/wenanguo/.ssh/id_rsa
DEB [20171228-12:38:48.724] thr=1   paramiko.transport: userauth is OK
INF [20171228-12:38:48.747] thr=1   paramiko.transport: Authentication (publickey) failed.
DEB [20171228-12:38:48.753] thr=1   paramiko.transport: userauth is OK
INF [20171228-12:38:48.800] thr=1   paramiko.transport: Authentication (password) successful!
DEB [20171228-12:38:48.800] thr=2   paramiko.transport: [chan 0] Max packet in: 32768 bytes
DEB [20171228-12:38:48.813] thr=1   paramiko.transport: [chan 0] Max packet out: 32768 bytes
DEB [20171228-12:38:48.813] thr=1   paramiko.transport: Secsh channel 0 opened.
DEB [20171228-12:38:48.821] thr=1   paramiko.transport: [chan 0] Sesch channel 0 request ok
DEB [20171228-12:39:44.263] thr=1   paramiko.transport: [chan 0] EOF received (0)
DEB [20171228-12:55:32.518] thr=1   paramiko.transport: starting thread (client mode): 0xb988668
DEB [20171228-12:55:32.520] thr=1   paramiko.transport: Local version/idstring: SSH-2.0-paramiko_2.4.0
DEB [20171228-12:55:32.541] thr=1   paramiko.transport: Remote version/idstring: SSH-2.0-OpenSSH_6.6.1
INF [20171228-12:55:32.541] thr=1   paramiko.transport: Connected (version 2.0, client OpenSSH_6.6.1)
DEB [20171228-12:55:32.546] thr=1   paramiko.transport: kex algos:['curve25519-sha256@libssh.org', 'ecdh-sha2-nistp256', 'ecdh-sha2-nistp384', 'ecdh-sha2-nistp521', 'diffie-hellman-group-exchange-sha256', 'diffie-hellman-group-exchange-sha1', 'diffie-hellman-group14-sha1', 'diffie-hellman-group1-sha1'] server key:['ssh-rsa', 'ecdsa-sha2-nistp256', 'ssh-ed25519'] client encrypt:['aes128-ctr', 'aes192-ctr', 'aes256-ctr', 'arcfour256', 'arcfour128', 'aes128-gcm@openssh.com', 'aes256-gcm@openssh.com', 'chacha20-poly1305@openssh.com', 'aes128-cbc', '3des-cbc', 'blowfish-cbc', 'cast128-cbc', 'aes192-cbc', 'aes256-cbc', 'arcfour', 'rijndael-cbc@lysator.liu.se'] server encrypt:['aes128-ctr', 'aes192-ctr', 'aes256-ctr', 'arcfour256', 'arcfour128', 'aes128-gcm@openssh.com', 'aes256-gcm@openssh.com', 'chacha20-poly1305@openssh.com', 'aes128-cbc', '3des-cbc', 'blowfish-cbc', 'cast128-cbc', 'aes192-cbc', 'aes256-cbc', 'arcfour', 'rijndael-cbc@lysator.liu.se'] client mac:['hmac-md5-etm@openssh.com', 'hmac-sha1-etm@openssh.com', 'umac-64-etm@openssh.com', 'umac-128-etm@openssh.com', 'hmac-sha2-256-etm@openssh.com', 'hmac-sha2-512-etm@openssh.com', 'hmac-ripemd160-etm@openssh.com', 'hmac-sha1-96-etm@openssh.com', 'hmac-md5-96-etm@openssh.com', 'hmac-md5', 'hmac-sha1', 'umac-64@openssh.com', 'umac-128@openssh.com', 'hmac-sha2-256', 'hmac-sha2-512', 'hmac-ripemd160', 'hmac-ripemd160@openssh.com', 'hmac-sha1-96', 'hmac-md5-96'] server mac:['hmac-md5-etm@openssh.com', 'hmac-sha1-etm@openssh.com', 'umac-64-etm@openssh.com', 'umac-128-etm@openssh.com', 'hmac-sha2-256-etm@openssh.com', 'hmac-sha2-512-etm@openssh.com', 'hmac-ripemd160-etm@openssh.com', 'hmac-sha1-96-etm@openssh.com', 'hmac-md5-96-etm@openssh.com', 'hmac-md5', 'hmac-sha1', 'umac-64@openssh.com', 'umac-128@openssh.com', 'hmac-sha2-256', 'hmac-sha2-512', 'hmac-ripemd160', 'hmac-ripemd160@openssh.com', 'hmac-sha1-96', 'hmac-md5-96'] client compress:['none', 'zlib@openssh.com'] server compress:['none', 'zlib@openssh.com'] client lang:[''] server lang:[''] kex follows?False
DEB [20171228-12:55:32.546] thr=1   paramiko.transport: Kex agreed: ecdh-sha2-nistp256
DEB [20171228-12:55:32.547] thr=1   paramiko.transport: HostKey agreed: ssh-ed25519
DEB [20171228-12:55:32.547] thr=1   paramiko.transport: Cipher agreed: aes128-ctr
DEB [20171228-12:55:32.547] thr=1   paramiko.transport: MAC agreed: hmac-sha2-256
DEB [20171228-12:55:32.547] thr=1   paramiko.transport: Compression agreed: none
DEB [20171228-12:55:32.617] thr=1   paramiko.transport: kex engine KexNistp256 specified hash_algo <built-in function openssl_sha256>
DEB [20171228-12:55:32.617] thr=1   paramiko.transport: Switch to new keys ...
DEB [20171228-12:55:32.618] thr=2   paramiko.transport: Adding ssh-ed25519 host key for 192.168.9.51: b'cba8812655b5b18cef9c833db8f89771'
DEB [20171228-12:55:32.619] thr=2   paramiko.transport: Trying discovered key b'908925d46c3cfeb8f0eddad8b6867b21' in /Users/wenanguo/.ssh/id_rsa
DEB [20171228-12:55:32.665] thr=1   paramiko.transport: userauth is OK
INF [20171228-12:55:32.684] thr=1   paramiko.transport: Authentication (publickey) failed.
DEB [20171228-12:55:32.689] thr=1   paramiko.transport: userauth is OK
INF [20171228-12:55:32.736] thr=1   paramiko.transport: Authentication (password) successful!
DEB [20171228-12:55:32.736] thr=2   paramiko.transport: [chan 0] Max packet in: 32768 bytes
DEB [20171228-12:55:32.749] thr=1   paramiko.transport: [chan 0] Max packet out: 32768 bytes
DEB [20171228-12:55:32.749] thr=1   paramiko.transport: Secsh channel 0 opened.
DEB [20171228-12:55:32.757] thr=1   paramiko.transport: [chan 0] Sesch channel 0 request ok
DEB [20171228-12:55:32.863] thr=1   paramiko.transport: [chan 0] EOF received (0)
DEB [20171228-12:55:43.515] thr=1   paramiko.transport: starting thread (client mode): 0x91d95f8
DEB [20171228-12:55:43.515] thr=1   paramiko.transport: Local version/idstring: SSH-2.0-paramiko_2.4.0
DEB [20171228-12:55:43.539] thr=1   paramiko.transport: Remote version/idstring: SSH-2.0-OpenSSH_6.6.1
INF [20171228-12:55:43.539] thr=1   paramiko.transport: Connected (version 2.0, client OpenSSH_6.6.1)
DEB [20171228-12:55:43.544] thr=1   paramiko.transport: kex algos:['curve25519-sha256@libssh.org', 'ecdh-sha2-nistp256', 'ecdh-sha2-nistp384', 'ecdh-sha2-nistp521', 'diffie-hellman-group-exchange-sha256', 'diffie-hellman-group-exchange-sha1', 'diffie-hellman-group14-sha1', 'diffie-hellman-group1-sha1'] server key:['ssh-rsa', 'ecdsa-sha2-nistp256', 'ssh-ed25519'] client encrypt:['aes128-ctr', 'aes192-ctr', 'aes256-ctr', 'arcfour256', 'arcfour128', 'aes128-gcm@openssh.com', 'aes256-gcm@openssh.com', 'chacha20-poly1305@openssh.com', 'aes128-cbc', '3des-cbc', 'blowfish-cbc', 'cast128-cbc', 'aes192-cbc', 'aes256-cbc', 'arcfour', 'rijndael-cbc@lysator.liu.se'] server encrypt:['aes128-ctr', 'aes192-ctr', 'aes256-ctr', 'arcfour256', 'arcfour128', 'aes128-gcm@openssh.com', 'aes256-gcm@openssh.com', 'chacha20-poly1305@openssh.com', 'aes128-cbc', '3des-cbc', 'blowfish-cbc', 'cast128-cbc', 'aes192-cbc', 'aes256-cbc', 'arcfour', 'rijndael-cbc@lysator.liu.se'] client mac:['hmac-md5-etm@openssh.com', 'hmac-sha1-etm@openssh.com', 'umac-64-etm@openssh.com', 'umac-128-etm@openssh.com', 'hmac-sha2-256-etm@openssh.com', 'hmac-sha2-512-etm@openssh.com', 'hmac-ripemd160-etm@openssh.com', 'hmac-sha1-96-etm@openssh.com', 'hmac-md5-96-etm@openssh.com', 'hmac-md5', 'hmac-sha1', 'umac-64@openssh.com', 'umac-128@openssh.com', 'hmac-sha2-256', 'hmac-sha2-512', 'hmac-ripemd160', 'hmac-ripemd160@openssh.com', 'hmac-sha1-96', 'hmac-md5-96'] server mac:['hmac-md5-etm@openssh.com', 'hmac-sha1-etm@openssh.com', 'umac-64-etm@openssh.com', 'umac-128-etm@openssh.com', 'hmac-sha2-256-etm@openssh.com', 'hmac-sha2-512-etm@openssh.com', 'hmac-ripemd160-etm@openssh.com', 'hmac-sha1-96-etm@openssh.com', 'hmac-md5-96-etm@openssh.com', 'hmac-md5', 'hmac-sha1', 'umac-64@openssh.com', 'umac-128@openssh.com', 'hmac-sha2-256', 'hmac-sha2-512', 'hmac-ripemd160', 'hmac-ripemd160@openssh.com', 'hmac-sha1-96', 'hmac-md5-96'] client compress:['none', 'zlib@openssh.com'] server compress:['none', 'zlib@openssh.com'] client lang:[''] server lang:[''] kex follows?False
DEB [20171228-12:55:43.544] thr=1   paramiko.transport: Kex agreed: ecdh-sha2-nistp256
DEB [20171228-12:55:43.545] thr=1   paramiko.transport: HostKey agreed: ssh-ed25519
DEB [20171228-12:55:43.545] thr=1   paramiko.transport: Cipher agreed: aes128-ctr
DEB [20171228-12:55:43.545] thr=1   paramiko.transport: MAC agreed: hmac-sha2-256
DEB [20171228-12:55:43.545] thr=1   paramiko.transport: Compression agreed: none
DEB [20171228-12:55:43.625] thr=1   paramiko.transport: kex engine KexNistp256 specified hash_algo <built-in function openssl_sha256>
DEB [20171228-12:55:43.625] thr=1   paramiko.transport: Switch to new keys ...
DEB [20171228-12:55:43.626] thr=2   paramiko.transport: Adding ssh-ed25519 host key for 192.168.9.51: b'cba8812655b5b18cef9c833db8f89771'
DEB [20171228-12:55:43.627] thr=2   paramiko.transport: Trying discovered key b'908925d46c3cfeb8f0eddad8b6867b21' in /Users/wenanguo/.ssh/id_rsa
DEB [20171228-12:55:43.674] thr=1   paramiko.transport: userauth is OK
INF [20171228-12:55:43.695] thr=1   paramiko.transport: Authentication (publickey) failed.
DEB [20171228-12:55:43.701] thr=1   paramiko.transport: userauth is OK
INF [20171228-12:55:43.747] thr=1   paramiko.transport: Authentication (password) successful!
DEB [20171228-12:55:43.748] thr=2   paramiko.transport: [chan 0] Max packet in: 32768 bytes
DEB [20171228-12:55:43.762] thr=1   paramiko.transport: [chan 0] Max packet out: 32768 bytes
DEB [20171228-12:55:43.762] thr=1   paramiko.transport: Secsh channel 0 opened.
DEB [20171228-12:55:43.769] thr=1   paramiko.transport: [chan 0] Sesch channel 0 request ok
DEB [20171228-12:55:43.875] thr=1   paramiko.transport: [chan 0] EOF received (0)
DEB [20171228-16:23:24.189] thr=1   paramiko.transport: starting thread (client mode): 0xc5b2630
DEB [20171228-16:23:24.189] thr=1   paramiko.transport: Local version/idstring: SSH-2.0-paramiko_2.4.0
DEB [20171228-16:23:24.212] thr=1   paramiko.transport: Remote version/idstring: SSH-2.0-OpenSSH_6.6.1
INF [20171228-16:23:24.213] thr=1   paramiko.transport: Connected (version 2.0, client OpenSSH_6.6.1)
DEB [20171228-16:23:24.218] thr=1   paramiko.transport: kex algos:['curve25519-sha256@libssh.org', 'ecdh-sha2-nistp256', 'ecdh-sha2-nistp384', 'ecdh-sha2-nistp521', 'diffie-hellman-group-exchange-sha256', 'diffie-hellman-group-exchange-sha1', 'diffie-hellman-group14-sha1', 'diffie-hellman-group1-sha1'] server key:['ssh-rsa', 'ecdsa-sha2-nistp256', 'ssh-ed25519'] client encrypt:['aes128-ctr', 'aes192-ctr', 'aes256-ctr', 'arcfour256', 'arcfour128', 'aes128-gcm@openssh.com', 'aes256-gcm@openssh.com', 'chacha20-poly1305@openssh.com', 'aes128-cbc', '3des-cbc', 'blowfish-cbc', 'cast128-cbc', 'aes192-cbc', 'aes256-cbc', 'arcfour', 'rijndael-cbc@lysator.liu.se'] server encrypt:['aes128-ctr', 'aes192-ctr', 'aes256-ctr', 'arcfour256', 'arcfour128', 'aes128-gcm@openssh.com', 'aes256-gcm@openssh.com', 'chacha20-poly1305@openssh.com', 'aes128-cbc', '3des-cbc', 'blowfish-cbc', 'cast128-cbc', 'aes192-cbc', 'aes256-cbc', 'arcfour', 'rijndael-cbc@lysator.liu.se'] client mac:['hmac-md5-etm@openssh.com', 'hmac-sha1-etm@openssh.com', 'umac-64-etm@openssh.com', 'umac-128-etm@openssh.com', 'hmac-sha2-256-etm@openssh.com', 'hmac-sha2-512-etm@openssh.com', 'hmac-ripemd160-etm@openssh.com', 'hmac-sha1-96-etm@openssh.com', 'hmac-md5-96-etm@openssh.com', 'hmac-md5', 'hmac-sha1', 'umac-64@openssh.com', 'umac-128@openssh.com', 'hmac-sha2-256', 'hmac-sha2-512', 'hmac-ripemd160', 'hmac-ripemd160@openssh.com', 'hmac-sha1-96', 'hmac-md5-96'] server mac:['hmac-md5-etm@openssh.com', 'hmac-sha1-etm@openssh.com', 'umac-64-etm@openssh.com', 'umac-128-etm@openssh.com', 'hmac-sha2-256-etm@openssh.com', 'hmac-sha2-512-etm@openssh.com', 'hmac-ripemd160-etm@openssh.com', 'hmac-sha1-96-etm@openssh.com', 'hmac-md5-96-etm@openssh.com', 'hmac-md5', 'hmac-sha1', 'umac-64@openssh.com', 'umac-128@openssh.com', 'hmac-sha2-256', 'hmac-sha2-512', 'hmac-ripemd160', 'hmac-ripemd160@openssh.com', 'hmac-sha1-96', 'hmac-md5-96'] client compress:['none', 'zlib@openssh.com'] server compress:['none', 'zlib@openssh.com'] client lang:[''] server lang:[''] kex follows?False
DEB [20171228-16:23:24.218] thr=1   paramiko.transport: Kex agreed: ecdh-sha2-nistp256
DEB [20171228-16:23:24.218] thr=1   paramiko.transport: HostKey agreed: ssh-ed25519
DEB [20171228-16:23:24.218] thr=1   paramiko.transport: Cipher agreed: aes128-ctr
DEB [20171228-16:23:24.219] thr=1   paramiko.transport: MAC agreed: hmac-sha2-256
DEB [20171228-16:23:24.219] thr=1   paramiko.transport: Compression agreed: none
DEB [20171228-16:23:24.322] thr=1   paramiko.transport: kex engine KexNistp256 specified hash_algo <built-in function openssl_sha256>
DEB [20171228-16:23:24.323] thr=1   paramiko.transport: Switch to new keys ...
DEB [20171228-16:23:24.323] thr=2   paramiko.transport: Adding ssh-ed25519 host key for 192.168.9.51: b'cba8812655b5b18cef9c833db8f89771'
DEB [20171228-16:23:24.327] thr=2   paramiko.transport: Trying discovered key b'908925d46c3cfeb8f0eddad8b6867b21' in /Users/wenanguo/.ssh/id_rsa
DEB [20171228-16:23:24.372] thr=1   paramiko.transport: userauth is OK
INF [20171228-16:23:24.395] thr=1   paramiko.transport: Authentication (publickey) failed.
DEB [20171228-16:23:24.401] thr=1   paramiko.transport: userauth is OK
INF [20171228-16:23:24.450] thr=1   paramiko.transport: Authentication (password) successful!
DEB [20171228-16:23:24.451] thr=2   paramiko.transport: [chan 0] Max packet in: 32768 bytes
DEB [20171228-16:23:24.461] thr=1   paramiko.transport: [chan 0] Max packet out: 32768 bytes
DEB [20171228-16:23:24.461] thr=1   paramiko.transport: Secsh channel 0 opened.
DEB [20171228-16:23:24.468] thr=1   paramiko.transport: [chan 0] Sesch channel 0 request ok
DEB [20171228-16:23:24.581] thr=1   paramiko.transport: [chan 0] EOF received (0)
DEB [20171228-16:23:24.582] thr=1   paramiko.transport: EOF in transport thread
